0 info it worked if it ends with ok
1 verbose cli [
1 verbose cli   'C:\\Program Files\\nodejs\\node.exe',
1 verbose cli   'C:\\Users\\manta\\node_modules\\npm\\bin\\npm-cli.js',
1 verbose cli   'run',
1 verbose cli   'db:seed'
1 verbose cli ]
2 info using npm@3.10.10
3 info using node@v24.6.0
4 verbose run-script [ 'predb:seed', 'db:seed', 'postdb:seed' ]
5 info lifecycle pigeon-auction-platform@0.1.0~predb:seed: pigeon-auction-platform@0.1.0
6 silly lifecycle pigeon-auction-platform@0.1.0~predb:seed: no script for predb:seed, continuing
7 info lifecycle pigeon-auction-platform@0.1.0~db:seed: pigeon-auction-platform@0.1.0
8 verbose lifecycle pigeon-auction-platform@0.1.0~db:seed: unsafe-perm in lifecycle true
9 verbose lifecycle pigeon-auction-platform@0.1.0~db:seed: PATH: C:\Users\manta\node_modules\npm\bin\node-gyp-bin;C:\Users\manta\Desktop\wwwwww\node_modules\.bin;C:\Users\manta\Desktop\wwwwww\node_modules\.bin;C:\Users\manta\Desktop\node_modules\.bin;C:\Users\manta\node_modules\.bin;C:\Users\node_modules\.bin;C:\node_modules\.bin;C:\Users\manta\AppData\Roaming\npm\node_modules\npm\node_modules\@npmcli\run-script\lib\node-gyp-bin;C:\Program Files (x86)\VMware\VMware Player\bin\;C:\Python313\Scripts\;C:\Python313\;C:\WINDOWS\system32;C:\WINDOWS;C:\WINDOWS\System32\Wbem;C:\WINDOWS\System32\WindowsPowerShell\v1.0\;C:\WINDOWS\System32\OpenSSH\;C:\Program Files\nodejs\;C:\ProgramData\chocolatey\bin;C:\Program Files\dotnet\;C:\Program Files\010 Editor;C:\Program Files\Git\cmd;C:\Program Files\GitHub CLI\;C:\Program Files\OpenSSL-Win64\bin;C:\Program Files\Docker\Docker\resources\bin;C:\Users\manta\AppData\Local\Microsoft\WindowsApps;C:\Users\manta\AppData\Local\Programs\cursor\resources\app\bin;C:\Users\manta\AppData\Roaming\npm;C:\Users\manta\AppData\Local\Programs\Microsoft VS Code\bin;C:\Users\manta\.dotnet\tools;c:\Users\manta\.cursor\extensions\ms-python.debugpy-2025.10.0-win32-x64\bundled\scripts\noConfigScripts
10 verbose lifecycle pigeon-auction-platform@0.1.0~db:seed: CWD: C:\Users\manta\Desktop\wwwwww
11 silly lifecycle pigeon-auction-platform@0.1.0~db:seed: Args: [ '/d /s /c', 'node scripts/migrate-database.js' ]
12 silly lifecycle pigeon-auction-platform@0.1.0~db:seed: Returned: code: 1  signal: null
13 info lifecycle pigeon-auction-platform@0.1.0~db:seed: Failed to exec db:seed script
14 verbose stack Error: pigeon-auction-platform@0.1.0 db:seed: `node scripts/migrate-database.js`
14 verbose stack Exit status 1
14 verbose stack     at EventEmitter.<anonymous> (C:\Users\manta\node_modules\npm\lib\utils\lifecycle.js:255:16)
14 verbose stack     at EventEmitter.emit (node:events:508:28)
14 verbose stack     at ChildProcess.<anonymous> (C:\Users\manta\node_modules\npm\lib\utils\spawn.js:40:14)
14 verbose stack     at ChildProcess.emit (node:events:508:28)
14 verbose stack     at maybeClose (node:internal/child_process:1101:16)
14 verbose stack     at ChildProcess._handle.onexit (node:internal/child_process:305:5)
15 verbose pkgid pigeon-auction-platform@0.1.0
16 verbose cwd C:\Users\manta\Desktop\wwwwww
17 error Windows_NT 10.0.26100
18 error argv "C:\\Program Files\\nodejs\\node.exe" "C:\\Users\\manta\\node_modules\\npm\\bin\\npm-cli.js" "run" "db:seed"
19 error node v24.6.0
20 error npm  v3.10.10
21 error code ELIFECYCLE
22 error pigeon-auction-platform@0.1.0 db:seed: `node scripts/migrate-database.js`
22 error Exit status 1
23 error Failed at the pigeon-auction-platform@0.1.0 db:seed script 'node scripts/migrate-database.js'.
23 error Make sure you have the latest version of node.js and npm installed.
23 error If you do, this is most likely a problem with the pigeon-auction-platform package,
23 error not with npm itself.
23 error Tell the author that this fails on your system:
23 error     node scripts/migrate-database.js
23 error You can get information on how to open an issue for this project with:
23 error     npm bugs pigeon-auction-platform
23 error Or if that isn't available, you can get their info via:
23 error     npm owner ls pigeon-auction-platform
23 error There is likely additional logging output above.
24 verbose exit [ 1, true ]
